MailDev using directory /var/folders/kq/r8f33zvn5k9dp3k6msskcn780000gn/T/maildev-68512
MailDev webapp running at http://0.0.0.0:1080/
MailDev SMTP Server running at 0.0.0.0:1025
MailDev using directory /var/folders/kq/r8f33zvn5k9dp3k6msskcn780000gn/T/maildev-72344
MailDev webapp running at http://0.0.0.0:1080/
node:events:492
      throw er; // Unhandled 'error' event
      ^

Error: listen EADDRINUSE: address already in use 0.0.0.0:1080
    at Server.setupListenHandle [as _listen2] (node:net:1872:16)
    at listenInCluster (node:net:1920:12)
    at doListen (node:net:2069:7)
    at process.processTicksAndRejections (node:internal/process/task_queues:83:21)
Emitted 'error' event on Server instance at:
    at emitErrorNT (node:net:1899:8)
    at process.processTicksAndRejections (node:internal/process/task_queues:82:21) {
  code: 'EADDRINUSE',
  errno: -48,
  syscall: 'listen',
  address: '0.0.0.0',
  port: 1080
}

Node.js v20.10.0
MailDev using directory /var/folders/kq/r8f33zvn5k9dp3k6msskcn780000gn/T/maildev-26083
MailDev webapp running at http://0.0.0.0:1080/
node:events:492
      throw er; // Unhandled 'error' event
      ^

Error: listen EADDRINUSE: address already in use 0.0.0.0:1080
    at Server.setupListenHandle [as _listen2] (node:net:1872:16)
    at listenInCluster (node:net:1920:12)
    at doListen (node:net:2069:7)
    at process.processTicksAndRejections (node:internal/process/task_queues:83:21)
Emitted 'error' event on Server instance at:
    at emitErrorNT (node:net:1899:8)
    at process.processTicksAndRejections (node:internal/process/task_queues:82:21) {
  code: 'EADDRINUSE',
  errno: -48,
  syscall: 'listen',
  address: '0.0.0.0',
  port: 1080
}

Node.js v20.10.0
